<?xml version="1.0" encoding="UTF-8"?>
<!-- Generated by org.testng.reporters.JUnitXMLReporter -->
<testsuite hostname="DESKTOP-6AHN5Q4" name="Default test" tests="1" failures="1" timestamp="20 Jul 2019 12:23:03 GMT" time="30.375" errors="0">
  <testcase name="operation" time="11.205" classname="crytobulls.HomeDataDani">
    <failure type="org.apache.xmlbeans.impl.values.XmlValueDisconnectedException">
      <![CDATA[org.apache.xmlbeans.impl.values.XmlValueDisconnectedException
	at org.apache.xmlbeans.impl.values.XmlObjectBase.check_orphaned(XmlObjectBase.java:1213)
	at org.apache.xmlbeans.impl.values.XmlObjectBase.newCursor(XmlObjectBase.java:243)
	at org.apache.xmlbeans.impl.values.XmlComplexContentImpl.arraySetterHelper(XmlComplexContentImpl.java:1073)
	at org.openxmlformats.schemas.spreadsheetml.x2006.main.impl.CTFontsImpl.setFontArray(Unknown Source)
	at org.apache.poi.xssf.model.StylesTable.writeTo(StylesTable.java:319)
	at org.apache.poi.xssf.model.StylesTable.commit(StylesTable.java:377)
	at org.apache.poi.POIXMLDocumentPart.onSave(POIXMLDocumentPart.java:177)
	at org.apache.poi.POIXMLDocumentPart.onSave(POIXMLDocumentPart.java:181)
	at org.apache.poi.POIXMLDocument.write(POIXMLDocument.java:214)
	at crytobulls.HomeDataDani.operation(HomeDataDani.java:94)
	at sun.reflect.NativeMethodAccessorImpl.invoke0(Native Method)
	at sun.reflect.NativeMethodAccessorImpl.invoke(Unknown Source)
	at sun.reflect.DelegatingMethodAccessorImpl.invoke(Unknown Source)
	at java.lang.reflect.Method.invoke(Unknown Source)
	at org.testng.internal.MethodInvocationHelper.invokeMethod(MethodInvocationHelper.java:85)
	at org.testng.internal.Invoker.invokeMethod(Invoker.java:639)
	at org.testng.internal.Invoker.invokeTestMethod(Invoker.java:816)
	at org.testng.internal.Invoker.invokeTestMethods(Invoker.java:1124)
	at org.testng.internal.TestMethodWorker.invokeTestMethods(TestMethodWorker.java:125)
	at org.testng.internal.TestMethodWorker.run(TestMethodWorker.java:108)
	at org.testng.TestRunner.privateRun(TestRunner.java:774)
	at org.testng.TestRunner.run(TestRunner.java:624)
	at org.testng.SuiteRunner.runTest(SuiteRunner.java:359)
	at org.testng.SuiteRunner.runSequentially(SuiteRunner.java:354)
	at org.testng.SuiteRunner.privateRun(SuiteRunner.java:312)
	at org.testng.SuiteRunner.run(SuiteRunner.java:261)
	at org.testng.SuiteRunnerWorker.runSuite(SuiteRunnerWorker.java:52)
	at org.testng.SuiteRunnerWorker.run(SuiteRunnerWorker.java:86)
	at org.testng.TestNG.runSuitesSequentially(TestNG.java:1215)
	at org.testng.TestNG.runSuitesLocally(TestNG.java:1140)
	at org.testng.TestNG.run(TestNG.java:1048)
	at org.testng.remote.RemoteTestNG.run(RemoteTestNG.java:112)
	at org.testng.remote.RemoteTestNG.initAndRun(RemoteTestNG.java:205)
	at org.testng.remote.RemoteTestNG.main(RemoteTestNG.java:176)
]]>
    </failure>
  </testcase> <!-- operation -->
</testsuite> <!-- Default test -->
