<?xml version="1.0" encoding="UTF-8"?>
<testng-results skipped="0" failed="0" total="1" passed="1">
  <reporter-output>
  </reporter-output>
  <suite name="Default suite" duration-ms="21728" started-at="2019-06-22T07:12:44Z" finished-at="2019-06-22T07:13:06Z">
    <groups>
    </groups>
    <test name="Default test" duration-ms="21728" started-at="2019-06-22T07:12:44Z" finished-at="2019-06-22T07:13:06Z">
      <class name="Rough.screenshot">
        <test-method status="PASS" signature="openapp()[pri:0, instance:Rough.screenshot@725bef66]" name="openapp" is-config="true" duration-ms="14898" started-at="2019-06-22T12:42:44Z" finished-at="2019-06-22T12:42:59Z">
          <reporter-output>
          </reporter-output>
        </test-method> <!-- openapp -->
        <test-method status="PASS" signature="printscreen()[pri:0, instance:Rough.screenshot@725bef66]" name="printscreen" duration-ms="5920" started-at="2019-06-22T12:42:59Z" finished-at="2019-06-22T12:43:05Z">
          <reporter-output>
          </reporter-output>
        </test-method> <!-- printscreen -->
        <test-method status="PASS" signature="closeapp()[pri:0, instance:Rough.screenshot@725bef66]" name="closeapp" is-config="true" duration-ms="901" started-at="2019-06-22T12:43:05Z" finished-at="2019-06-22T12:43:06Z">
          <reporter-output>
          </reporter-output>
        </test-method> <!-- closeapp -->
      </class> <!-- Rough.screenshot -->
    </test> <!-- Default test -->
  </suite> <!-- Default suite -->
</testng-results>
